2022-08-29 09:12:34,357 - asyncssh: [conn=12, chan=1] Sending KILL signal
2022-08-29 09:12:34,358 - asyncssh: [conn=12] Closing connection
2022-08-29 09:12:34,359 - asyncssh: [conn=12, chan=1] Closing channel
2022-08-29 09:12:34,359 - asyncssh: [conn=12] Sending disconnect: Disconnected by application (11)
2022-08-29 09:12:34,360 - asyncssh: [conn=5, chan=1] Sending KILL signal
2022-08-29 09:12:34,361 - asyncssh: [conn=5] Closing connection
2022-08-29 09:12:34,361 - asyncssh: [conn=5, chan=1] Closing channel
2022-08-29 09:12:34,362 - asyncssh: [conn=5] Sending disconnect: Disconnected by application (11)
2022-08-29 09:12:34,363 - asyncssh: [conn=14, chan=1] Sending KILL signal
2022-08-29 09:12:34,364 - asyncssh: [conn=14] Closing connection
2022-08-29 09:12:34,364 - asyncssh: [conn=14, chan=1] Closing channel
2022-08-29 09:12:34,364 - asyncssh: [conn=14] Sending disconnect: Disconnected by application (11)
2022-08-29 09:12:34,365 - asyncssh: [conn=13, chan=1] Sending KILL signal
2022-08-29 09:12:34,365 - asyncssh: [conn=13] Closing connection
2022-08-29 09:12:34,365 - asyncssh: [conn=13, chan=1] Closing channel
2022-08-29 09:12:34,366 - asyncssh: [conn=13] Sending disconnect: Disconnected by application (11)
2022-08-29 09:12:34,367 - asyncssh: [conn=2, chan=1] Sending KILL signal
2022-08-29 09:12:34,368 - asyncssh: [conn=2] Closing connection
2022-08-29 09:12:34,368 - asyncssh: [conn=2, chan=1] Closing channel
2022-08-29 09:12:34,369 - asyncssh: [conn=2] Sending disconnect: Disconnected by application (11)
2022-08-29 09:12:34,370 - asyncssh: [conn=3, chan=1] Sending KILL signal
2022-08-29 09:12:34,371 - asyncssh: [conn=3] Closing connection
2022-08-29 09:12:34,371 - asyncssh: [conn=3, chan=1] Closing channel
2022-08-29 09:12:34,371 - asyncssh: [conn=3] Sending disconnect: Disconnected by application (11)
2022-08-29 09:12:34,372 - asyncssh: [conn=8, chan=1] Sending KILL signal
2022-08-29 09:12:34,373 - asyncssh: [conn=8] Closing connection
2022-08-29 09:12:34,373 - asyncssh: [conn=8, chan=1] Closing channel
2022-08-29 09:12:34,373 - asyncssh: [conn=8] Sending disconnect: Disconnected by application (11)
2022-08-29 09:12:34,374 - asyncssh: [conn=7, chan=1] Sending KILL signal
2022-08-29 09:12:34,374 - asyncssh: [conn=7] Closing connection
2022-08-29 09:12:34,374 - asyncssh: [conn=7, chan=1] Closing channel
2022-08-29 09:12:34,375 - asyncssh: [conn=7] Sending disconnect: Disconnected by application (11)
2022-08-29 09:12:34,375 - asyncssh: [conn=10, chan=1] Sending KILL signal
2022-08-29 09:12:34,375 - asyncssh: [conn=10] Closing connection
2022-08-29 09:12:34,375 - asyncssh: [conn=10, chan=1] Closing channel
2022-08-29 09:12:34,376 - asyncssh: [conn=10] Sending disconnect: Disconnected by application (11)
2022-08-29 09:12:34,376 - asyncssh: [conn=6, chan=1] Sending KILL signal
2022-08-29 09:12:34,377 - asyncssh: [conn=6] Closing connection
2022-08-29 09:12:34,377 - asyncssh: [conn=6, chan=1] Closing channel
2022-08-29 09:12:34,377 - asyncssh: [conn=6] Sending disconnect: Disconnected by application (11)
2022-08-29 09:12:34,378 - asyncssh: [conn=11, chan=1] Sending KILL signal
2022-08-29 09:12:34,378 - asyncssh: [conn=11] Closing connection
2022-08-29 09:12:34,378 - asyncssh: [conn=11, chan=1] Closing channel
2022-08-29 09:12:34,378 - asyncssh: [conn=11] Sending disconnect: Disconnected by application (11)
2022-08-29 09:12:34,378 - asyncssh: [conn=4, chan=1] Sending KILL signal
2022-08-29 09:12:34,379 - asyncssh: [conn=4] Closing connection
2022-08-29 09:12:34,379 - asyncssh: [conn=4, chan=1] Closing channel
2022-08-29 09:12:34,379 - asyncssh: [conn=4] Sending disconnect: Disconnected by application (11)
2022-08-29 09:12:34,380 - asyncssh: [conn=9, chan=1] Sending KILL signal
2022-08-29 09:12:34,380 - asyncssh: [conn=9] Closing connection
2022-08-29 09:12:34,380 - asyncssh: [conn=9, chan=1] Closing channel
2022-08-29 09:12:34,380 - asyncssh: [conn=9] Sending disconnect: Disconnected by application (11)
2022-08-29 09:12:34,381 - asyncssh: [conn=1, chan=1] Sending KILL signal
2022-08-29 09:12:34,381 - asyncssh: [conn=1] Closing connection
2022-08-29 09:12:34,381 - asyncssh: [conn=1, chan=1] Closing channel
2022-08-29 09:12:34,382 - asyncssh: [conn=1] Sending disconnect: Disconnected by application (11)
2022-08-29 09:12:34,382 - asyncssh: [conn=12] Connection closed
2022-08-29 09:12:34,382 - asyncssh: [conn=12, chan=1] Closing channel due to connection close
2022-08-29 09:12:34,382 - asyncssh: [conn=12, chan=1] Channel closed
2022-08-29 09:12:34,383 - asyncssh: [conn=5] Connection closed
2022-08-29 09:12:34,383 - asyncssh: [conn=5, chan=1] Closing channel due to connection close
2022-08-29 09:12:34,383 - asyncssh: [conn=5, chan=1] Channel closed
2022-08-29 09:12:34,383 - asyncssh: [conn=14] Connection closed
2022-08-29 09:12:34,383 - asyncssh: [conn=14, chan=1] Closing channel due to connection close
2022-08-29 09:12:34,383 - asyncssh: [conn=14, chan=1] Channel closed
2022-08-29 09:12:34,383 - asyncssh: [conn=13] Connection closed
2022-08-29 09:12:34,383 - asyncssh: [conn=13, chan=1] Closing channel due to connection close
2022-08-29 09:12:34,383 - asyncssh: [conn=13, chan=1] Channel closed
2022-08-29 09:12:34,383 - asyncssh: [conn=2] Connection closed
2022-08-29 09:12:34,383 - asyncssh: [conn=2, chan=1] Closing channel due to connection close
2022-08-29 09:12:34,383 - asyncssh: [conn=2, chan=1] Channel closed
2022-08-29 09:12:34,383 - asyncssh: [conn=3] Connection closed
2022-08-29 09:12:34,383 - asyncssh: [conn=3, chan=1] Closing channel due to connection close
2022-08-29 09:12:34,383 - asyncssh: [conn=3, chan=1] Channel closed
2022-08-29 09:12:34,384 - asyncssh: [conn=8] Connection closed
2022-08-29 09:12:34,384 - asyncssh: [conn=8, chan=1] Closing channel due to connection close
2022-08-29 09:12:34,384 - asyncssh: [conn=8, chan=1] Channel closed
2022-08-29 09:12:34,384 - asyncssh: [conn=7] Connection closed
2022-08-29 09:12:34,384 - asyncssh: [conn=7, chan=1] Closing channel due to connection close
2022-08-29 09:12:34,384 - asyncssh: [conn=7, chan=1] Channel closed
2022-08-29 09:12:34,384 - asyncssh: [conn=10] Connection closed
2022-08-29 09:12:34,384 - asyncssh: [conn=10, chan=1] Closing channel due to connection close
2022-08-29 09:12:34,384 - asyncssh: [conn=10, chan=1] Channel closed
2022-08-29 09:12:34,384 - asyncssh: [conn=6] Connection closed
2022-08-29 09:12:34,384 - asyncssh: [conn=6, chan=1] Closing channel due to connection close
2022-08-29 09:12:34,384 - asyncssh: [conn=6, chan=1] Channel closed
2022-08-29 09:12:34,384 - asyncssh: [conn=11] Connection closed
2022-08-29 09:12:34,384 - asyncssh: [conn=11, chan=1] Closing channel due to connection close
2022-08-29 09:12:34,384 - asyncssh: [conn=11, chan=1] Channel closed
2022-08-29 09:12:34,384 - asyncssh: [conn=4] Connection closed
2022-08-29 09:12:34,384 - asyncssh: [conn=4, chan=1] Closing channel due to connection close
2022-08-29 09:12:34,384 - asyncssh: [conn=4, chan=1] Channel closed
2022-08-29 09:12:34,385 - asyncssh: [conn=9] Connection closed
2022-08-29 09:12:34,385 - asyncssh: [conn=9, chan=1] Closing channel due to connection close
2022-08-29 09:12:34,385 - asyncssh: [conn=9, chan=1] Channel closed
2022-08-29 09:12:34,385 - asyncssh: [conn=1] Connection closed
2022-08-29 09:12:34,385 - asyncssh: [conn=1, chan=1] Closing channel due to connection close
2022-08-29 09:12:34,385 - asyncssh: [conn=1, chan=1] Channel closed
2022-08-29 09:12:34,389 - asyncssh: [conn=12, chan=1] Sending KILL signal
2022-08-29 09:12:34,389 - asyncssh: [conn=5, chan=1] Sending KILL signal
2022-08-29 09:12:34,389 - asyncssh: [conn=14, chan=1] Sending KILL signal
2022-08-29 09:12:34,389 - asyncssh: [conn=13, chan=1] Sending KILL signal
2022-08-29 09:12:34,389 - asyncssh: [conn=2, chan=1] Sending KILL signal
2022-08-29 09:12:34,389 - asyncssh: [conn=3, chan=1] Sending KILL signal
2022-08-29 09:12:34,389 - asyncssh: [conn=8, chan=1] Sending KILL signal
2022-08-29 09:12:34,390 - asyncssh: [conn=7, chan=1] Sending KILL signal
2022-08-29 09:12:34,390 - asyncssh: [conn=10, chan=1] Sending KILL signal
2022-08-29 09:12:34,390 - asyncssh: [conn=6, chan=1] Sending KILL signal
2022-08-29 09:12:34,390 - asyncssh: [conn=11, chan=1] Sending KILL signal
2022-08-29 09:12:34,390 - asyncssh: [conn=4, chan=1] Sending KILL signal
2022-08-29 09:12:34,390 - asyncssh: [conn=9, chan=1] Sending KILL signal
2022-08-29 09:12:34,390 - asyncssh: [conn=1, chan=1] Sending KILL signal
2022-08-29 09:12:35,409 - asyncssh: [conn=0, chan=1] Sending KILL signal
2022-08-29 09:12:35,411 - asyncssh: [conn=0] Closing connection
2022-08-29 09:12:35,411 - asyncssh: [conn=0, chan=1] Closing channel
2022-08-29 09:12:35,412 - asyncssh: [conn=0] Sending disconnect: Disconnected by application (11)
2022-08-29 09:12:35,413 - asyncssh: [conn=0] Connection closed
2022-08-29 09:12:35,414 - asyncssh: [conn=0, chan=1] Closing channel due to connection close
2022-08-29 09:12:35,414 - asyncssh: [conn=0, chan=1] Channel closed
2022-08-29 15:39:40,320 - asyncssh: [conn=0, chan=1] Sending KILL signal
