2022-08-24 10:59:07,504 - asyncssh: [conn=4, chan=1] Sending KILL signal
2022-08-24 10:59:07,505 - asyncssh: [conn=4] Closing connection
2022-08-24 10:59:07,506 - asyncssh: [conn=4, chan=1] Closing channel
2022-08-24 10:59:07,506 - asyncssh: [conn=4] Sending disconnect: Disconnected by application (11)
2022-08-24 10:59:07,507 - asyncssh: [conn=6, chan=1] Sending KILL signal
2022-08-24 10:59:07,508 - asyncssh: [conn=6] Closing connection
2022-08-24 10:59:07,508 - asyncssh: [conn=6, chan=1] Closing channel
2022-08-24 10:59:07,509 - asyncssh: [conn=6] Sending disconnect: Disconnected by application (11)
2022-08-24 10:59:07,510 - asyncssh: [conn=3, chan=1] Sending KILL signal
2022-08-24 10:59:07,511 - asyncssh: [conn=3] Closing connection
2022-08-24 10:59:07,511 - asyncssh: [conn=3, chan=1] Closing channel
2022-08-24 10:59:07,511 - asyncssh: [conn=3] Sending disconnect: Disconnected by application (11)
2022-08-24 10:59:07,512 - asyncssh: [conn=5, chan=1] Sending KILL signal
2022-08-24 10:59:07,512 - asyncssh: [conn=5] Closing connection
2022-08-24 10:59:07,512 - asyncssh: [conn=5, chan=1] Closing channel
2022-08-24 10:59:07,513 - asyncssh: [conn=5] Sending disconnect: Disconnected by application (11)
2022-08-24 10:59:07,513 - asyncssh: [conn=2, chan=1] Sending KILL signal
2022-08-24 10:59:07,514 - asyncssh: [conn=2] Closing connection
2022-08-24 10:59:07,514 - asyncssh: [conn=2, chan=1] Closing channel
2022-08-24 10:59:07,515 - asyncssh: [conn=2] Sending disconnect: Disconnected by application (11)
2022-08-24 10:59:07,515 - asyncssh: [conn=7, chan=1] Sending KILL signal
2022-08-24 10:59:07,516 - asyncssh: [conn=7] Closing connection
2022-08-24 10:59:07,516 - asyncssh: [conn=7, chan=1] Closing channel
2022-08-24 10:59:07,516 - asyncssh: [conn=7] Sending disconnect: Disconnected by application (11)
2022-08-24 10:59:07,517 - asyncssh: [conn=1, chan=1] Sending KILL signal
2022-08-24 10:59:07,517 - asyncssh: [conn=1] Closing connection
2022-08-24 10:59:07,517 - asyncssh: [conn=1, chan=1] Closing channel
2022-08-24 10:59:07,518 - asyncssh: [conn=1] Sending disconnect: Disconnected by application (11)
2022-08-24 10:59:07,518 - asyncssh: [conn=4] Connection closed
2022-08-24 10:59:07,519 - asyncssh: [conn=4, chan=1] Closing channel due to connection close
2022-08-24 10:59:07,519 - asyncssh: [conn=4, chan=1] Channel closed
2022-08-24 10:59:07,519 - asyncssh: [conn=6] Connection closed
2022-08-24 10:59:07,519 - asyncssh: [conn=6, chan=1] Closing channel due to connection close
2022-08-24 10:59:07,519 - asyncssh: [conn=6, chan=1] Channel closed
2022-08-24 10:59:07,519 - asyncssh: [conn=3] Connection closed
2022-08-24 10:59:07,519 - asyncssh: [conn=3, chan=1] Closing channel due to connection close
2022-08-24 10:59:07,519 - asyncssh: [conn=3, chan=1] Channel closed
2022-08-24 10:59:07,519 - asyncssh: [conn=5] Connection closed
2022-08-24 10:59:07,519 - asyncssh: [conn=5, chan=1] Closing channel due to connection close
2022-08-24 10:59:07,519 - asyncssh: [conn=5, chan=1] Channel closed
2022-08-24 10:59:07,519 - asyncssh: [conn=2] Connection closed
2022-08-24 10:59:07,519 - asyncssh: [conn=2, chan=1] Closing channel due to connection close
2022-08-24 10:59:07,519 - asyncssh: [conn=2, chan=1] Channel closed
2022-08-24 10:59:07,519 - asyncssh: [conn=7] Connection closed
2022-08-24 10:59:07,520 - asyncssh: [conn=7, chan=1] Closing channel due to connection close
2022-08-24 10:59:07,520 - asyncssh: [conn=7, chan=1] Channel closed
2022-08-24 10:59:07,520 - asyncssh: [conn=1] Connection closed
2022-08-24 10:59:07,520 - asyncssh: [conn=1, chan=1] Closing channel due to connection close
2022-08-24 10:59:07,520 - asyncssh: [conn=1, chan=1] Channel closed
2022-08-24 10:59:07,520 - asyncssh: [conn=4, chan=1] Sending KILL signal
2022-08-24 10:59:07,520 - asyncssh: [conn=6, chan=1] Sending KILL signal
2022-08-24 10:59:07,520 - asyncssh: [conn=3, chan=1] Sending KILL signal
2022-08-24 10:59:07,520 - asyncssh: [conn=5, chan=1] Sending KILL signal
2022-08-24 10:59:07,520 - asyncssh: [conn=2, chan=1] Sending KILL signal
2022-08-24 10:59:07,520 - asyncssh: [conn=7, chan=1] Sending KILL signal
2022-08-24 10:59:07,520 - asyncssh: [conn=1, chan=1] Sending KILL signal
2022-08-24 10:59:08,551 - asyncssh: [conn=0, chan=1] Sending KILL signal
2022-08-24 10:59:08,552 - asyncssh: [conn=0] Closing connection
2022-08-24 10:59:08,552 - asyncssh: [conn=0, chan=1] Closing channel
2022-08-24 10:59:08,553 - asyncssh: [conn=0] Sending disconnect: Disconnected by application (11)
2022-08-24 10:59:08,555 - asyncssh: [conn=0] Connection closed
2022-08-24 10:59:08,555 - asyncssh: [conn=0, chan=1] Closing channel due to connection close
2022-08-24 10:59:08,555 - asyncssh: [conn=0, chan=1] Channel closed
2022-08-29 15:39:40,319 - asyncssh: [conn=0, chan=1] Sending KILL signal
