2022-08-05 09:52:25,020 - asyncssh: [conn=14, chan=1] Sending KILL signal
2022-08-05 09:52:25,021 - asyncssh: [conn=14] Closing connection
2022-08-05 09:52:25,021 - asyncssh: [conn=14, chan=1] Closing channel
2022-08-05 09:52:25,022 - asyncssh: [conn=14] Sending disconnect: Disconnected by application (11)
2022-08-05 09:52:25,023 - asyncssh: [conn=1, chan=1] Sending KILL signal
2022-08-05 09:52:25,024 - asyncssh: [conn=1] Closing connection
2022-08-05 09:52:25,024 - asyncssh: [conn=1, chan=1] Closing channel
2022-08-05 09:52:25,025 - asyncssh: [conn=1] Sending disconnect: Disconnected by application (11)
2022-08-05 09:52:25,026 - asyncssh: [conn=8, chan=1] Sending KILL signal
2022-08-05 09:52:25,027 - asyncssh: [conn=8] Closing connection
2022-08-05 09:52:25,027 - asyncssh: [conn=8, chan=1] Closing channel
2022-08-05 09:52:25,028 - asyncssh: [conn=8] Sending disconnect: Disconnected by application (11)
2022-08-05 09:52:25,029 - asyncssh: [conn=12, chan=1] Sending KILL signal
2022-08-05 09:52:25,029 - asyncssh: [conn=12] Closing connection
2022-08-05 09:52:25,029 - asyncssh: [conn=12, chan=1] Closing channel
2022-08-05 09:52:25,029 - asyncssh: [conn=12] Sending disconnect: Disconnected by application (11)
2022-08-05 09:52:25,030 - asyncssh: [conn=11, chan=1] Sending KILL signal
2022-08-05 09:52:25,030 - asyncssh: [conn=11] Closing connection
2022-08-05 09:52:25,030 - asyncssh: [conn=11, chan=1] Closing channel
2022-08-05 09:52:25,031 - asyncssh: [conn=11] Sending disconnect: Disconnected by application (11)
2022-08-05 09:52:25,031 - asyncssh: [conn=3, chan=1] Sending KILL signal
2022-08-05 09:52:25,031 - asyncssh: [conn=3] Closing connection
2022-08-05 09:52:25,032 - asyncssh: [conn=3, chan=1] Closing channel
2022-08-05 09:52:25,032 - asyncssh: [conn=3] Sending disconnect: Disconnected by application (11)
2022-08-05 09:52:25,032 - asyncssh: [conn=13, chan=1] Sending KILL signal
2022-08-05 09:52:25,033 - asyncssh: [conn=13] Closing connection
2022-08-05 09:52:25,033 - asyncssh: [conn=13, chan=1] Closing channel
2022-08-05 09:52:25,033 - asyncssh: [conn=13] Sending disconnect: Disconnected by application (11)
2022-08-05 09:52:25,033 - asyncssh: [conn=6, chan=1] Sending KILL signal
2022-08-05 09:52:25,034 - asyncssh: [conn=6] Closing connection
2022-08-05 09:52:25,034 - asyncssh: [conn=6, chan=1] Closing channel
2022-08-05 09:52:25,034 - asyncssh: [conn=6] Sending disconnect: Disconnected by application (11)
2022-08-05 09:52:25,035 - asyncssh: [conn=4, chan=1] Sending KILL signal
2022-08-05 09:52:25,035 - asyncssh: [conn=4] Closing connection
2022-08-05 09:52:25,035 - asyncssh: [conn=4, chan=1] Closing channel
2022-08-05 09:52:25,035 - asyncssh: [conn=4] Sending disconnect: Disconnected by application (11)
2022-08-05 09:52:25,036 - asyncssh: [conn=5, chan=1] Sending KILL signal
2022-08-05 09:52:25,036 - asyncssh: [conn=5] Closing connection
2022-08-05 09:52:25,036 - asyncssh: [conn=5, chan=1] Closing channel
2022-08-05 09:52:25,037 - asyncssh: [conn=5] Sending disconnect: Disconnected by application (11)
2022-08-05 09:52:25,037 - asyncssh: [conn=15, chan=1] Sending KILL signal
2022-08-05 09:52:25,037 - asyncssh: [conn=15] Closing connection
2022-08-05 09:52:25,037 - asyncssh: [conn=15, chan=1] Closing channel
2022-08-05 09:52:25,038 - asyncssh: [conn=15] Sending disconnect: Disconnected by application (11)
2022-08-05 09:52:25,038 - asyncssh: [conn=2, chan=1] Sending KILL signal
2022-08-05 09:52:25,039 - asyncssh: [conn=2] Closing connection
2022-08-05 09:52:25,039 - asyncssh: [conn=2, chan=1] Closing channel
2022-08-05 09:52:25,039 - asyncssh: [conn=2] Sending disconnect: Disconnected by application (11)
2022-08-05 09:52:25,039 - asyncssh: [conn=10, chan=1] Sending KILL signal
2022-08-05 09:52:25,040 - asyncssh: [conn=10] Closing connection
2022-08-05 09:52:25,040 - asyncssh: [conn=10, chan=1] Closing channel
2022-08-05 09:52:25,040 - asyncssh: [conn=10] Sending disconnect: Disconnected by application (11)
2022-08-05 09:52:25,040 - asyncssh: [conn=7, chan=1] Sending KILL signal
2022-08-05 09:52:25,041 - asyncssh: [conn=7] Closing connection
2022-08-05 09:52:25,041 - asyncssh: [conn=7, chan=1] Closing channel
2022-08-05 09:52:25,041 - asyncssh: [conn=7] Sending disconnect: Disconnected by application (11)
2022-08-05 09:52:25,041 - asyncssh: [conn=9, chan=1] Sending KILL signal
2022-08-05 09:52:25,041 - asyncssh: [conn=9] Closing connection
2022-08-05 09:52:25,042 - asyncssh: [conn=9, chan=1] Closing channel
2022-08-05 09:52:25,042 - asyncssh: [conn=9] Sending disconnect: Disconnected by application (11)
2022-08-05 09:52:25,042 - asyncssh: [conn=14] Connection closed
2022-08-05 09:52:25,042 - asyncssh: [conn=14, chan=1] Closing channel due to connection close
2022-08-05 09:52:25,042 - asyncssh: [conn=14, chan=1] Channel closed
2022-08-05 09:52:25,042 - asyncssh: [conn=1] Connection closed
2022-08-05 09:52:25,042 - asyncssh: [conn=1, chan=1] Closing channel due to connection close
2022-08-05 09:52:25,042 - asyncssh: [conn=1, chan=1] Channel closed
2022-08-05 09:52:25,042 - asyncssh: [conn=8] Connection closed
2022-08-05 09:52:25,042 - asyncssh: [conn=8, chan=1] Closing channel due to connection close
2022-08-05 09:52:25,042 - asyncssh: [conn=8, chan=1] Channel closed
2022-08-05 09:52:25,043 - asyncssh: [conn=12] Connection closed
2022-08-05 09:52:25,043 - asyncssh: [conn=12, chan=1] Closing channel due to connection close
2022-08-05 09:52:25,043 - asyncssh: [conn=12, chan=1] Channel closed
2022-08-05 09:52:25,043 - asyncssh: [conn=11] Connection closed
2022-08-05 09:52:25,043 - asyncssh: [conn=11, chan=1] Closing channel due to connection close
2022-08-05 09:52:25,043 - asyncssh: [conn=11, chan=1] Channel closed
2022-08-05 09:52:25,043 - asyncssh: [conn=3] Connection closed
2022-08-05 09:52:25,043 - asyncssh: [conn=3, chan=1] Closing channel due to connection close
2022-08-05 09:52:25,043 - asyncssh: [conn=3, chan=1] Channel closed
2022-08-05 09:52:25,043 - asyncssh: [conn=13] Connection closed
2022-08-05 09:52:25,043 - asyncssh: [conn=13, chan=1] Closing channel due to connection close
2022-08-05 09:52:25,043 - asyncssh: [conn=13, chan=1] Channel closed
2022-08-05 09:52:25,043 - asyncssh: [conn=6] Connection closed
2022-08-05 09:52:25,043 - asyncssh: [conn=6, chan=1] Closing channel due to connection close
2022-08-05 09:52:25,043 - asyncssh: [conn=6, chan=1] Channel closed
2022-08-05 09:52:25,043 - asyncssh: [conn=4] Connection closed
2022-08-05 09:52:25,043 - asyncssh: [conn=4, chan=1] Closing channel due to connection close
2022-08-05 09:52:25,043 - asyncssh: [conn=4, chan=1] Channel closed
2022-08-05 09:52:25,043 - asyncssh: [conn=5] Connection closed
2022-08-05 09:52:25,043 - asyncssh: [conn=5, chan=1] Closing channel due to connection close
2022-08-05 09:52:25,043 - asyncssh: [conn=5, chan=1] Channel closed
2022-08-05 09:52:25,043 - asyncssh: [conn=15] Connection closed
2022-08-05 09:52:25,043 - asyncssh: [conn=15, chan=1] Closing channel due to connection close
2022-08-05 09:52:25,043 - asyncssh: [conn=15, chan=1] Channel closed
2022-08-05 09:52:25,043 - asyncssh: [conn=2] Connection closed
2022-08-05 09:52:25,043 - asyncssh: [conn=2, chan=1] Closing channel due to connection close
2022-08-05 09:52:25,043 - asyncssh: [conn=2, chan=1] Channel closed
2022-08-05 09:52:25,043 - asyncssh: [conn=10] Connection closed
2022-08-05 09:52:25,043 - asyncssh: [conn=10, chan=1] Closing channel due to connection close
2022-08-05 09:52:25,044 - asyncssh: [conn=10, chan=1] Channel closed
2022-08-05 09:52:25,044 - asyncssh: [conn=7] Connection closed
2022-08-05 09:52:25,044 - asyncssh: [conn=7, chan=1] Closing channel due to connection close
2022-08-05 09:52:25,044 - asyncssh: [conn=7, chan=1] Channel closed
2022-08-05 09:52:25,044 - asyncssh: [conn=9] Connection closed
2022-08-05 09:52:25,044 - asyncssh: [conn=9, chan=1] Closing channel due to connection close
2022-08-05 09:52:25,044 - asyncssh: [conn=9, chan=1] Channel closed
2022-08-05 09:52:25,046 - asyncssh: [conn=14, chan=1] Sending KILL signal
2022-08-05 09:52:25,046 - asyncssh: [conn=1, chan=1] Sending KILL signal
2022-08-05 09:52:25,046 - asyncssh: [conn=8, chan=1] Sending KILL signal
2022-08-05 09:52:25,046 - asyncssh: [conn=12, chan=1] Sending KILL signal
2022-08-05 09:52:25,046 - asyncssh: [conn=11, chan=1] Sending KILL signal
2022-08-05 09:52:25,046 - asyncssh: [conn=3, chan=1] Sending KILL signal
2022-08-05 09:52:25,046 - asyncssh: [conn=13, chan=1] Sending KILL signal
2022-08-05 09:52:25,046 - asyncssh: [conn=6, chan=1] Sending KILL signal
2022-08-05 09:52:25,046 - asyncssh: [conn=4, chan=1] Sending KILL signal
2022-08-05 09:52:25,046 - asyncssh: [conn=5, chan=1] Sending KILL signal
2022-08-05 09:52:25,047 - asyncssh: [conn=15, chan=1] Sending KILL signal
2022-08-05 09:52:25,047 - asyncssh: [conn=2, chan=1] Sending KILL signal
2022-08-05 09:52:25,047 - asyncssh: [conn=10, chan=1] Sending KILL signal
2022-08-05 09:52:25,047 - asyncssh: [conn=7, chan=1] Sending KILL signal
2022-08-05 09:52:25,047 - asyncssh: [conn=9, chan=1] Sending KILL signal
2022-08-05 09:52:26,068 - asyncssh: [conn=0, chan=1] Sending KILL signal
2022-08-05 09:52:26,069 - asyncssh: [conn=0] Closing connection
2022-08-05 09:52:26,069 - asyncssh: [conn=0, chan=1] Closing channel
2022-08-05 09:52:26,070 - asyncssh: [conn=0] Sending disconnect: Disconnected by application (11)
2022-08-05 09:52:26,071 - asyncssh: [conn=0] Connection closed
2022-08-05 09:52:26,071 - asyncssh: [conn=0, chan=1] Closing channel due to connection close
2022-08-05 09:52:26,071 - asyncssh: [conn=0, chan=1] Channel closed
2022-08-06 10:43:22,805 - asyncssh: [conn=0, chan=1] Sending KILL signal
