2022-08-08 18:10:46,474 - asyncssh: [conn=2, chan=1] Sending KILL signal
2022-08-08 18:10:46,475 - asyncssh: [conn=2] Closing connection
2022-08-08 18:10:46,475 - asyncssh: [conn=2, chan=1] Closing channel
2022-08-08 18:10:46,476 - asyncssh: [conn=2] Sending disconnect: Disconnected by application (11)
2022-08-08 18:10:46,477 - asyncssh: [conn=4, chan=1] Sending KILL signal
2022-08-08 18:10:46,478 - asyncssh: [conn=4] Closing connection
2022-08-08 18:10:46,478 - asyncssh: [conn=4, chan=1] Closing channel
2022-08-08 18:10:46,479 - asyncssh: [conn=4] Sending disconnect: Disconnected by application (11)
2022-08-08 18:10:46,480 - asyncssh: [conn=5, chan=1] Sending KILL signal
2022-08-08 18:10:46,480 - asyncssh: [conn=5] Closing connection
2022-08-08 18:10:46,481 - asyncssh: [conn=5, chan=1] Closing channel
2022-08-08 18:10:46,481 - asyncssh: [conn=5] Sending disconnect: Disconnected by application (11)
2022-08-08 18:10:46,482 - asyncssh: [conn=8, chan=1] Sending KILL signal
2022-08-08 18:10:46,482 - asyncssh: [conn=8] Closing connection
2022-08-08 18:10:46,482 - asyncssh: [conn=8, chan=1] Closing channel
2022-08-08 18:10:46,483 - asyncssh: [conn=8] Sending disconnect: Disconnected by application (11)
2022-08-08 18:10:46,483 - asyncssh: [conn=3, chan=1] Sending KILL signal
2022-08-08 18:10:46,483 - asyncssh: [conn=3] Closing connection
2022-08-08 18:10:46,483 - asyncssh: [conn=3, chan=1] Closing channel
2022-08-08 18:10:46,484 - asyncssh: [conn=3] Sending disconnect: Disconnected by application (11)
2022-08-08 18:10:46,484 - asyncssh: [conn=9, chan=1] Sending KILL signal
2022-08-08 18:10:46,484 - asyncssh: [conn=9] Closing connection
2022-08-08 18:10:46,484 - asyncssh: [conn=9, chan=1] Closing channel
2022-08-08 18:10:46,485 - asyncssh: [conn=9] Sending disconnect: Disconnected by application (11)
2022-08-08 18:10:46,485 - asyncssh: [conn=1, chan=1] Sending KILL signal
2022-08-08 18:10:46,485 - asyncssh: [conn=1] Closing connection
2022-08-08 18:10:46,485 - asyncssh: [conn=1, chan=1] Closing channel
2022-08-08 18:10:46,486 - asyncssh: [conn=1] Sending disconnect: Disconnected by application (11)
2022-08-08 18:10:46,486 - asyncssh: [conn=12, chan=1] Sending KILL signal
2022-08-08 18:10:46,486 - asyncssh: [conn=12] Closing connection
2022-08-08 18:10:46,487 - asyncssh: [conn=12, chan=1] Closing channel
2022-08-08 18:10:46,487 - asyncssh: [conn=12] Sending disconnect: Disconnected by application (11)
2022-08-08 18:10:46,487 - asyncssh: [conn=13, chan=1] Sending KILL signal
2022-08-08 18:10:46,488 - asyncssh: [conn=13] Closing connection
2022-08-08 18:10:46,488 - asyncssh: [conn=13, chan=1] Closing channel
2022-08-08 18:10:46,488 - asyncssh: [conn=13] Sending disconnect: Disconnected by application (11)
2022-08-08 18:10:46,488 - asyncssh: [conn=6, chan=1] Sending KILL signal
2022-08-08 18:10:46,489 - asyncssh: [conn=6] Closing connection
2022-08-08 18:10:46,489 - asyncssh: [conn=6, chan=1] Closing channel
2022-08-08 18:10:46,489 - asyncssh: [conn=6] Sending disconnect: Disconnected by application (11)
2022-08-08 18:10:46,489 - asyncssh: [conn=11, chan=1] Sending KILL signal
2022-08-08 18:10:46,490 - asyncssh: [conn=11] Closing connection
2022-08-08 18:10:46,490 - asyncssh: [conn=11, chan=1] Closing channel
2022-08-08 18:10:46,490 - asyncssh: [conn=11] Sending disconnect: Disconnected by application (11)
2022-08-08 18:10:46,491 - asyncssh: [conn=7, chan=1] Sending KILL signal
2022-08-08 18:10:46,491 - asyncssh: [conn=7] Closing connection
2022-08-08 18:10:46,491 - asyncssh: [conn=7, chan=1] Closing channel
2022-08-08 18:10:46,491 - asyncssh: [conn=7] Sending disconnect: Disconnected by application (11)
2022-08-08 18:10:46,492 - asyncssh: [conn=10, chan=1] Sending KILL signal
2022-08-08 18:10:46,492 - asyncssh: [conn=10] Closing connection
2022-08-08 18:10:46,492 - asyncssh: [conn=10, chan=1] Closing channel
2022-08-08 18:10:46,492 - asyncssh: [conn=10] Sending disconnect: Disconnected by application (11)
2022-08-08 18:10:46,493 - asyncssh: [conn=2] Connection closed
2022-08-08 18:10:46,493 - asyncssh: [conn=2, chan=1] Closing channel due to connection close
2022-08-08 18:10:46,493 - asyncssh: [conn=2, chan=1] Channel closed
2022-08-08 18:10:46,493 - asyncssh: [conn=4] Connection closed
2022-08-08 18:10:46,493 - asyncssh: [conn=4, chan=1] Closing channel due to connection close
2022-08-08 18:10:46,493 - asyncssh: [conn=4, chan=1] Channel closed
2022-08-08 18:10:46,493 - asyncssh: [conn=5] Connection closed
2022-08-08 18:10:46,493 - asyncssh: [conn=5, chan=1] Closing channel due to connection close
2022-08-08 18:10:46,493 - asyncssh: [conn=5, chan=1] Channel closed
2022-08-08 18:10:46,493 - asyncssh: [conn=8] Connection closed
2022-08-08 18:10:46,493 - asyncssh: [conn=8, chan=1] Closing channel due to connection close
2022-08-08 18:10:46,493 - asyncssh: [conn=8, chan=1] Channel closed
2022-08-08 18:10:46,493 - asyncssh: [conn=3] Connection closed
2022-08-08 18:10:46,493 - asyncssh: [conn=3, chan=1] Closing channel due to connection close
2022-08-08 18:10:46,493 - asyncssh: [conn=3, chan=1] Channel closed
2022-08-08 18:10:46,493 - asyncssh: [conn=9] Connection closed
2022-08-08 18:10:46,493 - asyncssh: [conn=9, chan=1] Closing channel due to connection close
2022-08-08 18:10:46,493 - asyncssh: [conn=9, chan=1] Channel closed
2022-08-08 18:10:46,493 - asyncssh: [conn=1] Connection closed
2022-08-08 18:10:46,493 - asyncssh: [conn=1, chan=1] Closing channel due to connection close
2022-08-08 18:10:46,493 - asyncssh: [conn=1, chan=1] Channel closed
2022-08-08 18:10:46,494 - asyncssh: [conn=12] Connection closed
2022-08-08 18:10:46,494 - asyncssh: [conn=12, chan=1] Closing channel due to connection close
2022-08-08 18:10:46,494 - asyncssh: [conn=12, chan=1] Channel closed
2022-08-08 18:10:46,494 - asyncssh: [conn=13] Connection closed
2022-08-08 18:10:46,494 - asyncssh: [conn=13, chan=1] Closing channel due to connection close
2022-08-08 18:10:46,494 - asyncssh: [conn=13, chan=1] Channel closed
2022-08-08 18:10:46,494 - asyncssh: [conn=6] Connection closed
2022-08-08 18:10:46,494 - asyncssh: [conn=6, chan=1] Closing channel due to connection close
2022-08-08 18:10:46,494 - asyncssh: [conn=6, chan=1] Channel closed
2022-08-08 18:10:46,494 - asyncssh: [conn=11] Connection closed
2022-08-08 18:10:46,494 - asyncssh: [conn=11, chan=1] Closing channel due to connection close
2022-08-08 18:10:46,494 - asyncssh: [conn=11, chan=1] Channel closed
2022-08-08 18:10:46,494 - asyncssh: [conn=7] Connection closed
2022-08-08 18:10:46,494 - asyncssh: [conn=7, chan=1] Closing channel due to connection close
2022-08-08 18:10:46,494 - asyncssh: [conn=7, chan=1] Channel closed
2022-08-08 18:10:46,494 - asyncssh: [conn=10] Connection closed
2022-08-08 18:10:46,494 - asyncssh: [conn=10, chan=1] Closing channel due to connection close
2022-08-08 18:10:46,494 - asyncssh: [conn=10, chan=1] Channel closed
2022-08-08 18:10:46,496 - asyncssh: [conn=2, chan=1] Sending KILL signal
2022-08-08 18:10:46,496 - asyncssh: [conn=4, chan=1] Sending KILL signal
2022-08-08 18:10:46,496 - asyncssh: [conn=5, chan=1] Sending KILL signal
2022-08-08 18:10:46,496 - asyncssh: [conn=8, chan=1] Sending KILL signal
2022-08-08 18:10:46,496 - asyncssh: [conn=3, chan=1] Sending KILL signal
2022-08-08 18:10:46,496 - asyncssh: [conn=9, chan=1] Sending KILL signal
2022-08-08 18:10:46,496 - asyncssh: [conn=1, chan=1] Sending KILL signal
2022-08-08 18:10:46,496 - asyncssh: [conn=12, chan=1] Sending KILL signal
2022-08-08 18:10:46,496 - asyncssh: [conn=13, chan=1] Sending KILL signal
2022-08-08 18:10:46,496 - asyncssh: [conn=6, chan=1] Sending KILL signal
2022-08-08 18:10:46,496 - asyncssh: [conn=11, chan=1] Sending KILL signal
2022-08-08 18:10:46,496 - asyncssh: [conn=7, chan=1] Sending KILL signal
2022-08-08 18:10:46,496 - asyncssh: [conn=10, chan=1] Sending KILL signal
2022-08-08 18:10:47,514 - asyncssh: [conn=0, chan=1] Sending KILL signal
2022-08-08 18:10:47,515 - asyncssh: [conn=0] Closing connection
2022-08-08 18:10:47,515 - asyncssh: [conn=0, chan=1] Closing channel
2022-08-08 18:10:47,516 - asyncssh: [conn=0] Sending disconnect: Disconnected by application (11)
2022-08-08 18:10:47,517 - asyncssh: [conn=0] Connection closed
2022-08-08 18:10:47,517 - asyncssh: [conn=0, chan=1] Closing channel due to connection close
2022-08-08 18:10:47,517 - asyncssh: [conn=0, chan=1] Channel closed
2022-08-09 09:33:22,435 - asyncssh: [conn=0, chan=1] Sending KILL signal
